 Genmod Version 2024.03.04 
 ﻿ECCC_Baseline_CANUS2050                                                                  26/03/2026  21.33.50
 11,12,20251-20501,19801-20501,0,TQSF                                            
  Input file 11                                                                                         26/03/2026  21.32.37
 Output file 12 computed from 2025  1 to 2050  1 and stored from 1980  1 to 2050  1    Number of periods per year =  1
 INTRAN = 1     INEQU = 1     ) non-zero if the transformation/equation/second residual/fix
  INADD = 1     INFIX = 1     ) arrays are to be read from the input file
 An array of size       1 has been used by the input V,R and F line data - maximum size allowed is 20000000
 14 was the maximum lag used in the trial solution -at least 4 lagged values are allocated to all variables and residuals
 An array of size  4187244 has been used for the variables and residuals - maximum size allowed is 20000000
 Data input lines have been read and checked  26/03/2026  21.33.50
 2025  1 unconverged variables after    99 iterations
      21067  CANADA    QNGAS            (N-1) = 0.429916E-06  (N) = 0.476837E-06  ^/V = -0.098400  ^ =       -0.000000
     447304  CALI      CUMODA           (N-1) = 0.381470E-03  (N) = 0.476837E-03  ^/V = -0.200000  ^ =       -0.000095
     457730  USA       CUMODA           (N-1) =-0.190735E-01  (N) =-0.191689E-01  ^/V = -0.004975  ^ =        0.000095
        3 variables did not converge in 2025  1
 2026  1 unconverged variables after    99 iterations
      21067  CANADA    QNGAS            (N-1) = 0.395523E-06  (N) = 0.357628E-06  ^/V =  0.105963  ^ =        0.000000
     355196  WNC       CUMODHEAL        (N-1) =-0.224034E-01  (N) =-0.224987E-01  ^/V = -0.004239  ^ =        0.000095
     457740  USA       CUMODE           (N-1) =-0.309944E-01  (N) =-0.308990E-01  ^/V =  0.003086  ^ =       -0.000095
        3 variables did not converge in 2026  1
 2027  1 unconverged variables after    99 iterations
      21067  CANADA    QNGAS            (N-1) = 0.363881E-06  (N) = 0.357628E-06  ^/V =  0.017486  ^ =        0.000000
     314036  NEWENG    CUMODA           (N-1) = 0.190735E-03  (N) = 0.286102E-03  ^/V = -0.333333  ^ =       -0.000095
     373956  SATLAN    CUMODA           (N-1) = 0.381470E-03  (N) = 0.286102E-03  ^/V =  0.333333  ^ =        0.000095
     457730  USA       CUMODA           (N-1) = 0.228882E-02  (N) = 0.219345E-02  ^/V =  0.043478  ^ =        0.000095
     457735  USA       CUMODAH          (N-1) = 0.286102E-03  (N) = 0.238419E-03  ^/V =  0.200000  ^ =        0.000048
        5 variables did not converge in 2027  1
 2028  1 unconverged variables after    99 iterations
      21067  CANADA    QNGAS            (N-1) = 0.334771E-06  (N) = 0.357628E-06  ^/V = -0.063913  ^ =       -0.000000
      90693  CANADA    NETMIG_NL        (N-1) =-0.180664E-01  (N) =-0.181274E-01  ^/V = -0.003367  ^ =        0.000061
     120655  CANADA    NETMIG_BC        (N-1) = 0.180054E-01  (N) = 0.181274E-01  ^/V = -0.006734  ^ =       -0.000122
     147212  CANADA    YHATMMETN%YR     (N-1) = 0.224113E-01  (N) = 0.223517E-01  ^/V =  0.002667  ^ =        0.000060
        4 variables did not converge in 2028  1
 2029  1 unconverged variables after    99 iterations
      21067  CANADA    QNGAS            (N-1) = 0.307989E-06  (N) = 0.298023E-06  ^/V =  0.033440  ^ =        0.000000
      40336  CANADA   *CUMODCON         (N-1) = 0.558853E-01  (N) = 0.556946E-01  ^/V =  0.003425  ^ =        0.000191
     308433  NEWENG    CUMODMB          (N-1) = 0.340462E-01  (N) = 0.338554E-01  ^/V =  0.005634  ^ =        0.000191
     329200  MIDATLAN  CUMODA           (N-1) = 0.353813E-01  (N) = 0.354767E-01  ^/V = -0.002688  ^ =       -0.000095
     457730  USA       CUMODA           (N-1) = 0.286102E-03  (N) = 0.381470E-03  ^/V = -0.250000  ^ =       -0.000095
        5 variables did not converge in 2029  1
 2030  1 unconverged variables after    99 iterations
      15434  CANADA    CUMODMNMCO       (N-1) =-0.343170E-01  (N) =-0.342255E-01  ^/V =  0.002675  ^ =       -0.000092
      15436  CANADA    CUMODMNMCR       (N-1) =-0.343628E-01  (N) =-0.342712E-01  ^/V =  0.002671  ^ =       -0.000092
      21067  CANADA    QNGAS            (N-1) = 0.283350E-06  (N) = 0.298023E-06  ^/V = -0.049235  ^ =       -0.000000
     457735  USA       CUMODAH          (N-1) =-0.295639E-02  (N) =-0.290871E-02  ^/V =  0.016393  ^ =       -0.000048
        4 variables did not converge in 2030  1
 2031  1 unconverged variables after    99 iterations
      21067  CANADA    QNGAS            (N-1) = 0.260682E-06  (N) = 0.238419E-06  ^/V =  0.093380  ^ =        0.000000
     201747  CANADA    WCREMN           (N-1) = 0.100000E-03  (N) = 0.000000E+00  ^/V =**********  ^ =        0.000100
        2 variables did not converge in 2031  1
 2032  1 unconverged variables after    99 iterations
      21067  CANADA    QNGAS            (N-1) = 0.239827E-06  (N) = 0.238419E-06  ^/V =  0.005909  ^ =        0.000000
      25396  CANADA    CUMODMFUR        (N-1) =-0.362396E-02  (N) =-0.367165E-02  ^/V = -0.012987  ^ =        0.000048
     457737  USA       CUMODAS          (N-1) = 0.476837E-03  (N) = 0.381470E-03  ^/V =  0.250000  ^ =        0.000095
        3 variables did not converge in 2032  1
 2033  1 unconverged variables after    99 iterations
      21067  CANADA    QNGAS            (N-1) = 0.220641E-06  (N) = 0.238419E-06  ^/V = -0.074564  ^ =       -0.000000
      35430  CANADA    CUMODMNMC        (N-1) = 0.932693E-01  (N) = 0.930786E-01  ^/V =  0.002049  ^ =        0.000191
      35500  CANADA    CUMODTT          (N-1) =-0.524521E-03  (N) =-0.619888E-03  ^/V = -0.153846  ^ =        0.000095
     440580  CALI      CUMODUG          (N-1) = 0.348091E-01  (N) = 0.347137E-01  ^/V =  0.002747  ^ =        0.000095
        4 variables did not converge in 2033  1
 2034  1 unconverged variables after    99 iterations
      15426  CANADA    CUMODMMIS        (N-1) = 0.925064E-02  (N) = 0.915527E-02  ^/V =  0.010417  ^ =        0.000095
      21067  CANADA    QNGAS            (N-1) = 0.202990E-06  (N) = 0.208616E-06  ^/V = -0.026970  ^ =       -0.000000
      40408  CANADA    CUMODMMETF       (N-1) = 0.505447E-02  (N) = 0.514984E-02  ^/V = -0.018519  ^ =       -0.000095
     201747  CANADA    WCREMN           (N-1) = 0.000000E+00  (N) = 0.195312E-02  ^/V = -1.000000  ^ =       -0.001953
     413348  MOUNTAIN  CUMODMCOM        (N-1) = 0.133514E-02  (N) = 0.143051E-02  ^/V = -0.066667  ^ =       -0.000095
     457734  USA       CUMODAF          (N-1) = 0.152588E-02  (N) = 0.162125E-02  ^/V = -0.058824  ^ =       -0.000095
        6 variables did not converge in 2034  1
 2035  1 unconverged variables after    99 iterations
      21067  CANADA    QNGAS            (N-1) = 0.186751E-06  (N) = 0.178814E-06  ^/V =  0.044386  ^ =        0.000000
     377378  SATLAN    ESTARMMETAP      (N-1) =-0.203906E+01  (N) =-0.204492E+01  ^/V = -0.002865  ^ =        0.005859
        2 variables did not converge in 2035  1
 2036  1 unconverged variables after    99 iterations
      21067  CANADA    QNGAS            (N-1) = 0.171811E-06  (N) = 0.178814E-06  ^/V = -0.039165  ^ =       -0.000000
     447304  CALI      CUMODA           (N-1) = 0.000000E+00  (N) = 0.953674E-04  ^/V = -1.000000  ^ =       -0.000095
     457737  USA       CUMODAS          (N-1) = 0.200272E-02  (N) = 0.209808E-02  ^/V = -0.045455  ^ =       -0.000095
        3 variables did not converge in 2036  1
 2037  1 unconverged variables after    99 iterations
      21067  CANADA    QNGAS            (N-1) = 0.158066E-06  (N) = 0.149012E-06  ^/V =  0.060762  ^ =        0.000000
     413393  MOUNTAIN  CUMODAS          (N-1) =-0.187397E-01  (N) =-0.187874E-01  ^/V = -0.002538  ^ =        0.000048
        2 variables did not converge in 2037  1
 2038  1 unconverged variables after    99 iterations
      21067  CANADA    QNGAS            (N-1) = 0.145421E-06  (N) = 0.149012E-06  ^/V = -0.024099  ^ =       -0.000000
      75334  CANADA    CUMODAWMS        (N-1) = 0.286102E-01  (N) = 0.285149E-01  ^/V =  0.003344  ^ =        0.000095
     447304  CALI      CUMODA           (N-1) =-0.953674E-04  (N) = 0.000000E+00  ^/V =**********  ^ =       -0.000095
     457730  USA       CUMODA           (N-1) =-0.514984E-02  (N) =-0.524521E-02  ^/V = -0.018182  ^ =        0.000095
     457731  USA       CUMODAA          (N-1) = 0.801086E-02  (N) = 0.810623E-02  ^/V = -0.011765  ^ =       -0.000095
        5 variables did not converge in 2038  1
 2039  1 unconverged variables after    99 iterations
      21067  CANADA    QNGAS            (N-1) = 0.133787E-06  (N) = 0.119209E-06  ^/V =  0.122286  ^ =        0.000000
     398325  WSC       CUMODMMIS        (N-1) = 0.905991E-02  (N) = 0.915527E-02  ^/V = -0.010417  ^ =       -0.000095
     398333  WSC       CUMODMMETF       (N-1) = 0.173569E-01  (N) = 0.174046E-01  ^/V = -0.002740  ^ =       -0.000048
        3 variables did not converge in 2039  1
 2040  1 unconverged variables after    99 iterations
      16036  CANADA    IS!              (N-1) =-0.314844E+02  (N) =-0.313906E+02  ^/V =  0.002987  ^ =       -0.093750
      21067  CANADA    QNGAS            (N-1) = 0.123084E-06  (N) = 0.119209E-06  ^/V =  0.032503  ^ =        0.000000
     380651  ESC       CUMODMMETF       (N-1) = 0.210524E-01  (N) = 0.209570E-01  ^/V =  0.004551  ^ =        0.000095
     389213  ESC       CUMODMMETFF      (N-1) = 0.210762E-01  (N) = 0.209570E-01  ^/V =  0.005688  ^ =        0.000119
     389214  ESC       CUMODMMETFN      (N-1) = 0.210285E-01  (N) = 0.209332E-01  ^/V =  0.004556  ^ =        0.000095
        5 variables did not converge in 2040  1
 2041  1 unconverged variables after    99 iterations
      16036  CANADA    IS!              (N-1) =-0.152500E+02  (N) =-0.152812E+02  ^/V = -0.002045  ^ =        0.031250
      21067  CANADA    QNGAS            (N-1) = 0.113237E-06  (N) = 0.119209E-06  ^/V = -0.050097  ^ =       -0.000000
      55390  CANADA    CUMODMCOM        (N-1) = 0.987053E-02  (N) = 0.979900E-02  ^/V =  0.007299  ^ =        0.000072
      95090  CANADA    GLB_GROSS        (N-1) =-0.362500E+01  (N) =-0.363672E+01  ^/V = -0.003222  ^ =        0.011719
        4 variables did not converge in 2041  1
 2042  1 unconverged variables after    99 iterations
     329200  MIDATLAN  CUMODA           (N-1) = 0.953674E-04  (N) = 0.000000E+00  ^/V =**********  ^ =        0.000095
     389200  ESC       CUMODA           (N-1) = 0.953674E-04  (N) = 0.000000E+00  ^/V =**********  ^ =        0.000095
     391864  ESC       YHATAF%YR        (N-1) =-0.215173E-01  (N) =-0.214696E-01  ^/V =  0.002221  ^ =       -0.000048
     428393  PACIFIC   CUMODAS          (N-1) = 0.934601E-02  (N) = 0.939369E-02  ^/V = -0.005076  ^ =       -0.000048
        4 variables did not converge in 2042  1
 2043  1 unconverged variables after    99 iterations
      21067  CANADA    QNGAS            (N-1) = 0.958440E-07  (N) = 0.894070E-07  ^/V =  0.071997  ^ =        0.000000
        1 variables did not converge in 2043  1
 2044  1 unconverged variables after    99 iterations
      16036  CANADA    IS!              (N-1) = 0.000000E+00  (N) = 0.156250E-01  ^/V = -1.000000  ^ =       -0.015625
      21067  CANADA    QNGAS            (N-1) = 0.881765E-07  (N) = 0.894070E-07  ^/V = -0.013763  ^ =       -0.000000
     206126  CANADA    CUMODSER         (N-1) = 0.421524E-01  (N) = 0.420570E-01  ^/V =  0.002268  ^ =        0.000095
        3 variables did not converge in 2044  1
 2045  1 unconverged variables after    99 iterations
      21067  CANADA    QNGAS            (N-1) = 0.811224E-07  (N) = 0.745058E-07  ^/V =  0.088806  ^ =        0.000000
     314036  NEWENG    CUMODA           (N-1) = 0.476837E-04  (N) = 0.000000E+00  ^/V =**********  ^ =        0.000048
     316847  NEWENG    YHATAF%YR        (N-1) = 0.176191E-01  (N) = 0.176668E-01  ^/V = -0.002699  ^ =       -0.000048
     398393  WSC       CUMODAS          (N-1) =-0.934601E-02  (N) =-0.939369E-02  ^/V = -0.005076  ^ =        0.000048
     433956  PACIFIC   CUMODA           (N-1) =-0.121117E-01  (N) =-0.122070E-01  ^/V = -0.007812  ^ =        0.000095
     457735  USA       CUMODAH          (N-1) = 0.953674E-04  (N) = 0.143051E-03  ^/V = -0.333333  ^ =       -0.000048
        6 variables did not converge in 2045  1
 2046  1 unconverged variables after    99 iterations
      36198  CANADA    GYEO!            (N-1) = 0.112631E-05  (N) = 0.190735E-05  ^/V = -0.409489  ^ =       -0.000001
     130650  CANADA    GPB_GROSS        (N-1) = 0.000000E+00  (N) = 0.117188E-01  ^/V = -1.000000  ^ =       -0.011719
     145480  CANADA    QOILC            (N-1) = 0.286102E-07  (N) = 0.000000E+00  ^/V =**********  ^ =        0.000000
     151882  CANADA    KMSHLPGLDV       (N-1) = 0.163026E-15  (N) = 0.000000E+00  ^/V =**********  ^ =        0.000000
     344200  ENC       CUMODA           (N-1) = 0.953674E-04  (N) =-0.953674E-04  ^/V = -2.000000  ^ =        0.000191
     398393  WSC       CUMODAS          (N-1) = 0.934601E-02  (N) = 0.939369E-02  ^/V = -0.005076  ^ =       -0.000048
        6 variables did not converge in 2046  1
 2047  1 unconverged variables after    99 iterations
       5336  PRINCE_E *CUMODCON         (N-1) = 0.474606E+01  (N) = 0.473652E+01  ^/V =  0.002013  ^ =        0.009537
       5374  PRINCE_E  CUMODMCHEM       (N-1) = 0.362082E+01  (N) = 0.363436E+01  ^/V = -0.003726  ^ =       -0.013542
       5376  PRINCE_E  CUMODMCHEMB      (N-1) = 0.227232E+01  (N) = 0.228329E+01  ^/V = -0.004803  ^ =       -0.010967
       5378  PRINCE_E  CUMODMCHEMD      (N-1) = 0.266130E+01  (N) = 0.267227E+01  ^/V = -0.004104  ^ =       -0.010967
       5380  PRINCE_E  CUMODMCHEMF      (N-1) = 0.111008E+00  (N) = 0.115585E+00  ^/V = -0.039604  ^ =       -0.004578
       5384  PRINCE_E  CUMODMCHEMI      (N-1) = 0.955444E+00  (N) = 0.966415E+00  ^/V = -0.011352  ^ =       -0.010971
       5390  PRINCE_E  CUMODMCOM        (N-1) = 0.239725E+01  (N) = 0.241089E+01  ^/V = -0.005657  ^ =       -0.013638
       5392  PRINCE_E  CUMODMF          (N-1) = 0.169983E+01  (N) = 0.171738E+01  ^/V = -0.010218  ^ =       -0.017548
       5394  PRINCE_E  CUMODMFMP        (N-1) = 0.813007E+00  (N) = 0.816154E+00  ^/V = -0.003856  ^ =       -0.003147
       5398  PRINCE_E  CUMODMMAC        (N-1) = 0.249052E+01  (N) = 0.250053E+01  ^/V = -0.004005  ^ =       -0.010014
       5416  PRINCE_E  CUMODMMETN       (N-1) =-0.444031E+00  (N) =-0.429153E+00  ^/V =  0.034667  ^ =       -0.014877
       5424  PRINCE_E  CUMODMMETS       (N-1) = 0.333071E+00  (N) = 0.334120E+00  ^/V = -0.003140  ^ =       -0.001049
       5449  PRINCE_E  CUMODMPC         (N-1) = 0.386896E+01  (N) = 0.388155E+01  ^/V = -0.003243  ^ =       -0.012589
       5459  PRINCE_E  CUMODMPP         (N-1) =-0.472698E+01  (N) =-0.471563E+01  ^/V =  0.002407  ^ =       -0.011349
       5463  PRINCE_E  CUMODMRUBP       (N-1) = 0.171494E+01  (N) = 0.171847E+01  ^/V = -0.002053  ^ =       -0.003529
       5469  PRINCE_E  CUMODMW          (N-1) = 0.120940E+01  (N) = 0.122685E+01  ^/V = -0.014225  ^ =       -0.017452
       5477  PRINCE_E  CUMODRE          (N-1) = 0.761795E+00  (N) = 0.766087E+00  ^/V = -0.005602  ^ =       -0.004292
       5895  PRINCE_E  CUMODMELC        (N-1) = 0.102706E+01  (N) = 0.102973E+01  ^/V = -0.002593  ^ =       -0.002670
       5896  PRINCE_E  CUMODMNMAO       (N-1) = 0.684166E+00  (N) = 0.687361E+00  ^/V = -0.004648  ^ =       -0.003195
      12759  CANADA    PESV             (N-1) = 0.493765E+04  (N) = 0.499736E+04  ^/V = -0.011948  ^ =      -59.708984
      12789  CANADA    PESR             (N-1) = 0.739041E+00  (N) = 0.747094E+00  ^/V = -0.010779  ^ =       -0.008053
      15376  CANADA    CUMODMCHEMB      (N-1) = 0.308986E+01  (N) = 0.310144E+01  ^/V = -0.003736  ^ =       -0.011587
      15380  CANADA    CUMODMCHEMF      (N-1) = 0.746822E+00  (N) = 0.748634E+00  ^/V = -0.002420  ^ =       -0.001812
      15390  CANADA    CUMODMCOM        (N-1) = 0.406289E+01  (N) = 0.407944E+01  ^/V = -0.004056  ^ =       -0.016546
      15392  CANADA    CUMODMF          (N-1) = 0.259380E+01  (N) = 0.260677E+01  ^/V = -0.004975  ^ =       -0.012970
      15398  CANADA    CUMODMMAC        (N-1) = 0.778756E+01  (N) = 0.782061E+01  ^/V = -0.004225  ^ =       -0.033045
      15416  CANADA    CUMODMMETN       (N-1) = 0.213156E+01  (N) = 0.216422E+01  ^/V = -0.015092  ^ =       -0.032663
      15449  CANADA    CUMODMPC         (N-1) = 0.572128E+01  (N) = 0.573530E+01  ^/V = -0.002444  ^ =       -0.014019
      15469  CANADA    CUMODMW          (N-1) = 0.313921E+01  (N) = 0.315685E+01  ^/V = -0.005589  ^ =       -0.017643
      15477  CANADA    CUMODRE          (N-1) =-0.224199E+01  (N) =-0.223608E+01  ^/V =  0.002644  ^ =       -0.005913
      16035  CANADA    IS               (N-1) =-0.145205E+04  (N) =-0.144362E+04  ^/V =  0.005845  ^ =       -8.437500
      16036  CANADA    IS!              (N-1) = 0.187459E+04  (N) = 0.188809E+04  ^/V = -0.007150  ^ =      -13.500000
      20316  CANADA    CUMOD            (N-1) = 0.505161E+00  (N) = 0.507927E+00  ^/V = -0.005445  ^ =       -0.002766
      20390  CANADA    CUMODMCOM        (N-1) = 0.120254E+01  (N) = 0.121269E+01  ^/V = -0.008375  ^ =       -0.010157
      20392  CANADA    CUMODMF          (N-1) = 0.132667E+02  (N) = 0.132988E+02  ^/V = -0.002417  ^ =       -0.032139
      20398  CANADA    CUMODMMAC        (N-1) = 0.902524E+01  (N) = 0.906658E+01  ^/V = -0.004560  ^ =       -0.041342
      20447  CANADA    CUMODMP          (N-1) =-0.318046E+01  (N) =-0.317206E+01  ^/V =  0.002646  ^ =       -0.008392
      20449  CANADA    CUMODMPC         (N-1) = 0.658894E+01  (N) = 0.661221E+01  ^/V = -0.003519  ^ =       -0.023270
      20459  CANADA    CUMODMPP         (N-1) = 0.586667E+01  (N) = 0.588808E+01  ^/V = -0.003636  ^ =       -0.021410
      20504  CANADA    CUMODTWS         (N-1) = 0.559945E+01  (N) = 0.562239E+01  ^/V = -0.004079  ^ =       -0.022936
      21067  CANADA    QNGAS            (N-1) = 0.686620E-07  (N) = 0.670552E-07  ^/V =  0.023962  ^ =        0.000000
      25380  CANADA    CUMODMCHEMF      (N-1) = 0.218177E+00  (N) = 0.219750E+00  ^/V = -0.007161  ^ =       -0.001574
      25382  CANADA    CUMODMCHEMG      (N-1) = 0.175315E+01  (N) = 0.175821E+01  ^/V = -0.002881  ^ =       -0.005066
      25390  CANADA    CUMODMCOM        (N-1) = 0.411901E+01  (N) = 0.413084E+01  ^/V = -0.002863  ^ =       -0.011826
      25392  CANADA    CUMODMF          (N-1) = 0.318408E+01  (N) = 0.320868E+01  ^/V = -0.007668  ^ =       -0.024605
      25398  CANADA    CUMODMMAC        (N-1) = 0.741601E+01  (N) = 0.743179E+01  ^/V = -0.002124  ^ =       -0.015783
      25447  CANADA    CUMODMP          (N-1) =-0.313034E+01  (N) =-0.312400E+01  ^/V =  0.002030  ^ =       -0.006342
      25449  CANADA    CUMODMPC         (N-1) = 0.969510E+01  (N) = 0.971646E+01  ^/V = -0.002199  ^ =       -0.021362
      25459  CANADA    CUMODMPP         (N-1) =-0.499949E+01  (N) =-0.498447E+01  ^/V =  0.003013  ^ =       -0.015020
      25469  CANADA    CUMODMW          (N-1) = 0.158944E+01  (N) = 0.159836E+01  ^/V = -0.005579  ^ =       -0.008917
      *** variables did not converge in 2047  1
 **** ERROR - More than  2000 variables failed to converge - model solution and the output file truncated
 Total of  2277 iterations used to compute  23 periods
